<?xml version="1.0" encoding="UTF-8"?>
<!-- Generated by org.testng.reporters.JUnitReportReporter -->
<testsuite hostname="Keshavaraj" failures="0" tests="3" name="practice.Sample1" time="0.013" errors="0" timestamp="2022-12-24T18:14:36 IST" skipped="0">
  <testcase classname="practice.Sample1" name="createCustomerTest" time="0.009"/>
  <system-out/>
  <testcase classname="practice.Sample1" name="deleteCustomerTest" time="0.003"/>
  <system-out/>
  <testcase classname="practice.Sample1" name="modifyCustomerTest" time="0.001"/>
  <system-out/>
</testsuite> <!-- practice.Sample1 -->
