<?xml version="1.0" encoding="UTF-8"?>
<!-- Generated by org.testng.reporters.JUnitReportReporter -->
<testsuite hostname="Keshavaraj" failures="0" tests="3" name="practice.DataproviderTest" time="51.136" errors="0" timestamp="2022-11-20T11:01:09 IST" skipped="0">
  <testcase classname="practice.DataproviderTest" name="companyDetails" time="16.838"/>
  <system-out/>
  <testcase classname="practice.DataproviderTest" name="companyDetails" time="18.178"/>
  <system-out/>
  <testcase classname="practice.DataproviderTest" name="companyDetails" time="16.120"/>
  <system-out/>
</testsuite> <!-- practice.DataproviderTest -->
