<?xml version="1.0" encoding="UTF-8"?>
<!-- Generated by org.testng.reporters.JUnitReportReporter -->
<testsuite hostname="Keshavaraj" failures="0" tests="2" name="practice.SoftAssertTest" time="0.010" errors="0" timestamp="2022-10-18T22:39:30 IST" skipped="0">
  <testcase classname="practice.SoftAssertTest" name="modifyCustomerTest" time="0.005"/>
  <system-out/>
  <testcase classname="practice.SoftAssertTest" name="createCustomerTest" time="0.005"/>
  <system-out/>
</testsuite> <!-- practice.SoftAssertTest -->
