<?xml version="1.0" encoding="UTF-8"?>
<!-- Generated by org.testng.reporters.JUnitReportReporter -->
<testsuite hostname="Keshavaraj" failures="0" tests="5" name="com.crm.vtigerTest.DataProviderTest" time="0.005" errors="0" timestamp="2022-10-18T22:39:30 IST" skipped="0">
  <testcase classname="com.crm.vtigerTest.DataProviderTest" name="bookTicket" time="0.000"/>
  <system-out/>
  <testcase classname="com.crm.vtigerTest.DataProviderTest" name="bookTicket" time="0.000"/>
  <system-out/>
  <testcase classname="com.crm.vtigerTest.DataProviderTest" name="bookTicket" time="0.005"/>
  <system-out/>
  <testcase classname="com.crm.vtigerTest.DataProviderTest" name="bookTicket" time="0.000"/>
  <system-out/>
  <testcase classname="com.crm.vtigerTest.DataProviderTest" name="bookTicket" time="0.000"/>
  <system-out/>
</testsuite> <!-- com.crm.vtigerTest.DataProviderTest -->
