<?xml version="1.0" encoding="UTF-8"?>
<!-- Generated by org.testng.reporters.JUnitReportReporter -->
<testsuite hostname="Keshavaraj" failures="0" tests="1" name="extentReportCreation.Testcase3" time="8.567" errors="0" timestamp="2022-12-23T21:50:12 IST" skipped="0">
  <testcase classname="extentReportCreation.Testcase3" name="testcase3" time="8.567"/>
  <system-out/>
</testsuite> <!-- extentReportCreation.Testcase3 -->
