<?xml version="1.0" encoding="UTF-8"?>
<!-- Generated by org.testng.reporters.JUnitReportReporter -->
<testsuite hostname="Keshavaraj" failures="0" tests="2" name="practice.HardAssertTest" time="0.000" errors="0" timestamp="2022-10-18T22:39:30 IST" skipped="0">
  <testcase classname="practice.HardAssertTest" name="modifyCustomerTest" time="0.000"/>
  <system-out/>
  <testcase classname="practice.HardAssertTest" name="createCustomerTest" time="0.000"/>
  <system-out/>
</testsuite> <!-- practice.HardAssertTest -->
