<?xml version="1.0" encoding="UTF-8"?>
<!-- Generated by org.testng.reporters.JUnitReportReporter -->
<testsuite hostname="Keshavaraj" failures="0" tests="5" name="com.crm.vtigerTest.DataProviderTest" time="0.011" errors="0" timestamp="2022-10-13T15:01:43 IST" skipped="0">
  <testcase classname="com.crm.vtigerTest.DataProviderTest" name="bookTicket" time="0.000"/>
  <system-out/>
  <testcase classname="com.crm.vtigerTest.DataProviderTest" name="bookTicket" time="0.004"/>
  <system-out/>
  <testcase classname="com.crm.vtigerTest.DataProviderTest" name="bookTicket" time="0.000"/>
  <system-out/>
  <testcase classname="com.crm.vtigerTest.DataProviderTest" name="bookTicket" time="0.000"/>
  <system-out/>
  <testcase classname="com.crm.vtigerTest.DataProviderTest" name="bookTicket" time="0.007"/>
  <system-out/>
</testsuite> <!-- com.crm.vtigerTest.DataProviderTest -->
