<?xml version="1.0" encoding="UTF-8"?>
<!-- Generated by org.testng.reporters.JUnitReportReporter -->
<testsuite hostname="Keshavaraj" failures="0" tests="1" name="extentReportCreation.GeneralExtentReport" time="6.566" errors="0" timestamp="2023-01-15T13:36:53 IST" skipped="0">
  <testcase classname="extentReportCreation.GeneralExtentReport" name="extentReportsDemo" time="6.566"/>
  <system-out/>
</testsuite> <!-- extentReportCreation.GeneralExtentReport -->
