<?xml version="1.0" encoding="UTF-8"?>
<!-- Generated by org.testng.reporters.JUnitReportReporter -->
<testsuite hostname="Keshavaraj" failures="0" tests="5" name="com.crm.vtigerTest.DataProviderTest" time="0.016" errors="0" timestamp="2022-11-20T11:01:09 IST" skipped="0">
  <testcase classname="com.crm.vtigerTest.DataProviderTest" name="bookTicket" time="0.000"/>
  <system-out/>
  <testcase classname="com.crm.vtigerTest.DataProviderTest" name="bookTicket" time="0.000"/>
  <system-out/>
  <testcase classname="com.crm.vtigerTest.DataProviderTest" name="bookTicket" time="0.000"/>
  <system-out/>
  <testcase classname="com.crm.vtigerTest.DataProviderTest" name="bookTicket" time="0.000"/>
  <system-out/>
  <testcase classname="com.crm.vtigerTest.DataProviderTest" name="bookTicket" time="0.016"/>
  <system-out/>
</testsuite> <!-- com.crm.vtigerTest.DataProviderTest -->
