<?xml version="1.0" encoding="UTF-8"?>
<!-- Generated by org.testng.reporters.JUnitReportReporter -->
<testsuite hostname="Keshavaraj" failures="0" tests="1" name="com.crm.vtigerTest.Vtiger_ContactWithOrganizationTest" time="22.582" errors="0" timestamp="2022-12-20T21:31:44 IST" skipped="0">
  <testcase classname="com.crm.vtigerTest.Vtiger_ContactWithOrganizationTest" name="contactwithorganizationTest" time="22.582"/>
  <system-out/>
</testsuite> <!-- com.crm.vtigerTest.Vtiger_ContactWithOrganizationTest -->
