<?xml version="1.0" encoding="UTF-8"?>
<!-- Generated by org.testng.reporters.JUnitReportReporter -->
<testsuite hostname="Keshavaraj" failures="0" tests="1" name="seleniumgrid.Launch_Browser" time="11.023" errors="0" timestamp="2022-12-26T23:27:26 IST" skipped="0">
  <testcase classname="seleniumgrid.Launch_Browser" name="lanchbrowser" time="11.023"/>
  <system-out/>
</testsuite> <!-- seleniumgrid.Launch_Browser -->
