<?xml version="1.0" encoding="UTF-8"?>
<!-- Generated by org.testng.reporters.JUnitReportReporter -->
<testsuite hostname="Keshavaraj" failures="0" tests="3" name="seleniumbrowserStack.LaunchingInDifferentOS_VERSION_BROWSER" time="52.959" errors="0" timestamp="2022-12-27T00:50:18 IST" skipped="0">
  <testcase classname="seleniumbrowserStack.LaunchingInDifferentOS_VERSION_BROWSER" name="differentOSTest" time="21.970"/>
  <system-out/>
  <testcase classname="seleniumbrowserStack.LaunchingInDifferentOS_VERSION_BROWSER" name="differentOSTest" time="13.101"/>
  <system-out/>
  <testcase classname="seleniumbrowserStack.LaunchingInDifferentOS_VERSION_BROWSER" name="differentOSTest" time="17.888"/>
  <system-out/>
</testsuite> <!-- seleniumbrowserStack.LaunchingInDifferentOS_VERSION_BROWSER -->
