<?xml version="1.0" encoding="UTF-8"?>
<!-- Generated by org.testng.reporters.JUnitReportReporter -->
<testsuite hostname="Keshavaraj" failures="0" tests="3" name="practice.DataproviderTest" time="53.362" errors="0" timestamp="2022-10-14T11:38:45 IST" skipped="0">
  <testcase classname="practice.DataproviderTest" name="companyDetails" time="17.828"/>
  <system-out/>
  <testcase classname="practice.DataproviderTest" name="companyDetails" time="18.084"/>
  <system-out/>
  <testcase classname="practice.DataproviderTest" name="companyDetails" time="17.450"/>
  <system-out/>
</testsuite> <!-- practice.DataproviderTest -->
