<?xml version="1.0" encoding="UTF-8"?>
<!-- Generated by org.testng.reporters.JUnitReportReporter -->
<testsuite hostname="Keshavaraj" failures="0" tests="1" name="com.crm.vtigerTest.Vtiger_CreateOrganizationTest" time="16.971" errors="0" timestamp="2022-10-24T11:40:30 IST" skipped="0">
  <testcase classname="com.crm.vtigerTest.Vtiger_CreateOrganizationTest" name="createOrganizationTest" time="16.971"/>
  <system-out/>
</testsuite> <!-- com.crm.vtigerTest.Vtiger_CreateOrganizationTest -->
