<?xml version="1.0" encoding="UTF-8"?>
<!-- Generated by org.testng.reporters.JUnitReportReporter -->
<testsuite hostname="Keshavaraj" failures="0" tests="1" name="extentReportCreation.Testcase1" time="4.638" errors="0" timestamp="2022-12-23T21:50:12 IST" skipped="0">
  <testcase classname="extentReportCreation.Testcase1" name="testcase1" time="4.638"/>
  <system-out/>
</testsuite> <!-- extentReportCreation.Testcase1 -->
