<?xml version="1.0" encoding="UTF-8"?>
<!-- Generated by org.testng.reporters.JUnitReportReporter -->
<testsuite hostname="Keshavaraj" failures="0" tests="1" name="com.crm.vtigerTest.Vtiger_CampaignWithProductTest" time="46.693" errors="0" timestamp="2022-11-20T11:01:09 IST" skipped="0">
  <testcase classname="com.crm.vtigerTest.Vtiger_CampaignWithProductTest" name="campaignwithproductTest" time="46.693"/>
  <system-out/>
</testsuite> <!-- com.crm.vtigerTest.Vtiger_CampaignWithProductTest -->
