<?xml version="1.0" encoding="UTF-8"?>
<!-- Generated by org.testng.reporters.JUnitReportReporter -->
<testsuite hostname="Keshavaraj" failures="0" tests="1" name="seleniumgrid.Launch_Browser1" time="22.205" errors="0" timestamp="2022-12-23T11:28:16 IST" skipped="0">
  <testcase classname="seleniumgrid.Launch_Browser1" name="lanchbrowser" time="22.205"/>
  <system-out/>
</testsuite> <!-- seleniumgrid.Launch_Browser1 -->
