<?xml version="1.0" encoding="UTF-8"?>
<!-- Generated by org.testng.reporters.JUnitReportReporter -->
<testsuite hostname="Keshavaraj" failures="0" tests="1" name="extentReportCreation.ExtentReport" time="6.910" errors="0" timestamp="2023-01-15T13:42:49 IST" skipped="0">
  <testcase classname="extentReportCreation.ExtentReport" name="extenreport" time="6.910"/>
  <system-out/>
</testsuite> <!-- extentReportCreation.ExtentReport -->
