<?xml version="1.0" encoding="UTF-8"?>
<!-- Generated by org.testng.reporters.JUnitReportReporter -->
<testsuite hostname="Keshavaraj" failures="0" tests="1" name="com.crm.vtigerTest.Vtiger_CreateContactTest" time="12.715" errors="0" timestamp="2022-10-18T22:39:30 IST" skipped="0">
  <testcase classname="com.crm.vtigerTest.Vtiger_CreateContactTest" name="createContactTest" time="12.715"/>
  <system-out/>
</testsuite> <!-- com.crm.vtigerTest.Vtiger_CreateContactTest -->
