<?xml version="1.0" encoding="UTF-8"?>
<!-- Generated by org.testng.reporters.JUnitReportReporter -->
<testsuite hostname="Keshavaraj" failures="0" tests="1" name="seleniumgrid.LaunchingApplication" time="13.058" errors="0" timestamp="2022-12-26T23:55:37 IST" skipped="0">
  <testcase classname="seleniumgrid.LaunchingApplication" name="launching" time="13.058"/>
  <system-out/>
</testsuite> <!-- seleniumgrid.LaunchingApplication -->
