<?xml version="1.0" encoding="UTF-8"?>
<!-- Generated by org.testng.reporters.JUnitReportReporter -->
<testsuite hostname="Keshavaraj" failures="0" tests="5" name="com.crm.vtigerTest.ExampleDataProvidertest" time="0.015" errors="0" timestamp="2022-12-24T18:59:09 IST" skipped="0">
  <testcase classname="com.crm.vtigerTest.ExampleDataProvidertest" name="bookTicket" time="0.007"/>
  <system-out/>
  <testcase classname="com.crm.vtigerTest.ExampleDataProvidertest" name="bookTicket" time="0.001"/>
  <system-out/>
  <testcase classname="com.crm.vtigerTest.ExampleDataProvidertest" name="bookTicket" time="0.003"/>
  <system-out/>
  <testcase classname="com.crm.vtigerTest.ExampleDataProvidertest" name="bookTicket" time="0.002"/>
  <system-out/>
  <testcase classname="com.crm.vtigerTest.ExampleDataProvidertest" name="bookTicket" time="0.002"/>
  <system-out/>
</testsuite> <!-- com.crm.vtigerTest.ExampleDataProvidertest -->
