<?xml version="1.0" encoding="UTF-8"?>
<!-- Generated by org.testng.reporters.JUnitReportReporter -->
<testsuite hostname="Keshavaraj" failures="0" tests="1" name="com.crm.vtigerTest.Vtiger_ContactWithOrganizationTest" time="12.739" errors="0" timestamp="2022-10-18T22:39:30 IST" skipped="0">
  <testcase classname="com.crm.vtigerTest.Vtiger_ContactWithOrganizationTest" name="contactwithorganizationTest" time="12.739"/>
  <system-out/>
</testsuite> <!-- com.crm.vtigerTest.Vtiger_ContactWithOrganizationTest -->
