<?xml version="1.0" encoding="UTF-8"?>
<!-- Generated by org.testng.reporters.JUnitReportReporter -->
<testsuite hostname="Keshavaraj" failures="0" tests="1" name="com.crm.vtigerTest.Vtiger_CreateProductTest" time="23.162" errors="0" timestamp="2023-01-09T13:32:30 IST" skipped="0">
  <testcase classname="com.crm.vtigerTest.Vtiger_CreateProductTest" name="createProductTest" time="23.162"/>
  <system-out/>
</testsuite> <!-- com.crm.vtigerTest.Vtiger_CreateProductTest -->
