<?xml version="1.0" encoding="UTF-8"?>
<!-- Generated by org.testng.reporters.JUnitReportReporter -->
<testsuite hostname="Keshavaraj" failures="0" tests="3" name="practice.DataproviderTest" time="48.519" errors="0" timestamp="2022-10-18T22:39:30 IST" skipped="0">
  <testcase classname="practice.DataproviderTest" name="companyDetails" time="14.441"/>
  <system-out/>
  <testcase classname="practice.DataproviderTest" name="companyDetails" time="15.728"/>
  <system-out/>
  <testcase classname="practice.DataproviderTest" name="companyDetails" time="18.350"/>
  <system-out/>
</testsuite> <!-- practice.DataproviderTest -->
