<?xml version="1.0" encoding="UTF-8"?>
<!-- Generated by org.testng.reporters.JUnitReportReporter -->
<testsuite hostname="Keshavaraj" failures="0" tests="1" name="extentReportCreation.Testcase3" time="21.615" errors="0" timestamp="2023-01-10T00:24:37 IST" skipped="0">
  <testcase classname="extentReportCreation.Testcase3" name="testcase3" time="21.615"/>
  <system-out/>
</testsuite> <!-- extentReportCreation.Testcase3 -->
