<?xml version="1.0" encoding="UTF-8"?>
<!-- Generated by org.testng.reporters.JUnitReportReporter -->
<testsuite hostname="Keshavaraj" failures="0" tests="1" name="practice.SampleOfVtiger_organizationTest" time="11.721" errors="0" timestamp="2022-10-18T22:39:30 IST" skipped="0">
  <testcase classname="practice.SampleOfVtiger_organizationTest" name="createorganization" time="11.721"/>
  <system-out/>
</testsuite> <!-- practice.SampleOfVtiger_organizationTest -->
