<?xml version="1.0" encoding="UTF-8"?>
<!-- Generated by org.testng.reporters.JUnitReportReporter -->
<testsuite hostname="Keshavaraj" failures="0" tests="1" name="practice.SampleOfVtiger_organizationTest" time="31.689" errors="0" timestamp="2022-10-17T14:27:18 IST" skipped="0">
  <testcase classname="practice.SampleOfVtiger_organizationTest" name="createorganization" time="31.689"/>
  <system-out/>
</testsuite> <!-- practice.SampleOfVtiger_organizationTest -->
