<?xml version="1.0" encoding="UTF-8"?>
<!-- Generated by org.testng.reporters.JUnitReportReporter -->
<testsuite hostname="Keshavaraj" failures="0" tests="5" name="com.crm.vtigerTest.DataProviderTest" time="0.013" errors="0" timestamp="2022-12-24T18:55:42 IST" skipped="0">
  <testcase classname="com.crm.vtigerTest.DataProviderTest" name="bookTicket" time="0.006"/>
  <system-out/>
  <testcase classname="com.crm.vtigerTest.DataProviderTest" name="bookTicket" time="0.001"/>
  <system-out/>
  <testcase classname="com.crm.vtigerTest.DataProviderTest" name="bookTicket" time="0.001"/>
  <system-out/>
  <testcase classname="com.crm.vtigerTest.DataProviderTest" name="bookTicket" time="0.003"/>
  <system-out/>
  <testcase classname="com.crm.vtigerTest.DataProviderTest" name="bookTicket" time="0.002"/>
  <system-out/>
</testsuite> <!-- com.crm.vtigerTest.DataProviderTest -->
