<?xml version="1.0" encoding="UTF-8"?>
<!-- Generated by org.testng.reporters.JUnitReportReporter -->
<testsuite hostname="Keshavaraj" failures="0" tests="1" name="extentReportCreation.Testcase1" time="5.130" errors="0" timestamp="2022-12-25T00:08:56 IST" skipped="0">
  <testcase classname="extentReportCreation.Testcase1" name="testcase1" time="5.130"/>
  <system-out/>
</testsuite> <!-- extentReportCreation.Testcase1 -->
