<?xml version="1.0" encoding="UTF-8"?>
<!-- Generated by org.testng.reporters.JUnitReportReporter -->
<testsuite hostname="Keshavaraj" failures="0" tests="1" name="com.crm.vtigerTest.ScreenShot_RetryAnalyzer_Vtiger_organizationTest" time="11.902" errors="0" timestamp="2022-10-12T23:16:08 IST" skipped="0">
  <testcase classname="com.crm.vtigerTest.ScreenShot_RetryAnalyzer_Vtiger_organizationTest" name="createorganization" time="11.902"/>
  <system-out/>
</testsuite> <!-- com.crm.vtigerTest.ScreenShot_RetryAnalyzer_Vtiger_organizationTest -->
