<?xml version="1.0" encoding="UTF-8"?>
<!-- Generated by org.testng.reporters.JUnitReportReporter -->
<testsuite hostname="Keshavaraj" failures="0" tests="1" name="seleniumbrowserStack.LaunchingSampleUrl" time="10.581" errors="0" timestamp="2022-12-27T00:02:59 IST" skipped="0">
  <testcase classname="seleniumbrowserStack.LaunchingSampleUrl" name="launching" time="10.581"/>
  <system-out/>
</testsuite> <!-- seleniumbrowserStack.LaunchingSampleUrl -->
